<?xml version="1.0" encoding="UTF-8"?>
<!-- Generated by org.testng.reporters.JUnitReportReporter -->
<testsuite hostname="BAC033" failures="0" tests="1" name="com.Cosmoslots.testCases.CountTotal_ST" time="29.442" errors="0" timestamp="2023-09-13T15:54:14 IST" skipped="0">
  <testcase classname="com.Cosmoslots.testCases.CountTotal_ST" name="count" time="29.442"/>
  <system-out/>
</testsuite> <!-- com.Cosmoslots.testCases.CountTotal_ST -->
