<?xml version="1.0" encoding="UTF-8"?>
<!-- Generated by org.testng.reporters.JUnitReportReporter -->
<testsuite hostname="BAC033" failures="0" tests="8" name="com.Cosmoslots.testCases.Count_Total_ST" time="248.120" errors="0" timestamp="26 Jun 2023 05:29:27 GMT" skipped="0">
  <testcase classname="com.Cosmoslots.testCases.Count_Total_ST" name="Ae_Count_Total_JackpotWins" time="65.351"/>
  <testcase classname="com.Cosmoslots.testCases.Count_Total_ST" name="Ab_Count_Total_GuestPlayer" time="13.334"/>
  <testcase classname="com.Cosmoslots.testCases.Count_Total_ST" name="Ag_Count_Total_StoreView" time="29.512"/>
  <testcase classname="com.Cosmoslots.testCases.Count_Total_ST" name="Ah_Count_Total_UserProfileview" time="62.059"/>
  <testcase classname="com.Cosmoslots.testCases.Count_Total_ST" name="A_TC_Count_Total_PlayerProfile" time="12.328"/>
  <testcase classname="com.Cosmoslots.testCases.Count_Total_ST" name="Ad_Count_Total_PurchaseHistory" time="26.616"/>
  <testcase classname="com.Cosmoslots.testCases.Count_Total_ST" name="Ac_Count_Total_WithdrawRequest" time="17.265"/>
  <testcase classname="com.Cosmoslots.testCases.Count_Total_ST" name="Af_Count_Total_PlayerProfileView" time="21.655"/>
</testsuite> <!-- com.Cosmoslots.testCases.Count_Total_ST -->
