<?xml version="1.0" encoding="UTF-8"?>
<!-- Generated by org.testng.reporters.JUnitReportReporter -->
<testsuite hostname="BAC033" failures="0" tests="4" name="com.Cosmoslots.testCases.SystemAnalyticsTest" time="105.818" errors="0" timestamp="2023-08-28T12:46:53 IST" skipped="0">
  <testcase classname="com.Cosmoslots.testCases.SystemAnalyticsTest" name="Ac_TC_SystemAnalytics_OnlinePlayerAnalytics" time="42.566"/>
  <system-out/>
  <testcase classname="com.Cosmoslots.testCases.SystemAnalyticsTest" name="Ad_TC_SystemAnalytics_AppAnalytics_OverallGraph" time="25.864"/>
  <system-out/>
  <testcase classname="com.Cosmoslots.testCases.SystemAnalyticsTest" name="Ab_TC_SystemAnalytics_GameRTP" time="14.589"/>
  <system-out/>
  <testcase classname="com.Cosmoslots.testCases.SystemAnalyticsTest" name="A_TC_SystemAnalytics_GameRTP" time="22.799"/>
  <system-out/>
</testsuite> <!-- com.Cosmoslots.testCases.SystemAnalyticsTest -->
