<?xml version="1.0" encoding="UTF-8"?>
<!-- Generated by org.testng.reporters.JUnitReportReporter -->
<testsuite hostname="BAC033" failures="0" tests="10" name="com.Cosmoslots.testCases.MDB_Scenarios" time="303.028" errors="0" timestamp="2024-02-05T17:34:45 IST" skipped="0">
  <testcase classname="com.Cosmoslots.testCases.MDB_Scenarios" name="A_MDB_CreateBonus_Spin" time="43.125"/>
  <testcase classname="com.Cosmoslots.testCases.MDB_Scenarios" name="Ba_MDB_CreateBonus_Login_WithCustomDate" time="33.516"/>
  <testcase classname="com.Cosmoslots.testCases.MDB_Scenarios" name="B_MDB_CreateBonus_Login" time="29.660"/>
  <testcase classname="com.Cosmoslots.testCases.MDB_Scenarios" name="Ea_MDB_CreateBonus_Purchase_PackagePurchase_WithCustomDate" time="35.046"/>
  <testcase classname="com.Cosmoslots.testCases.MDB_Scenarios" name="Aa_MDB_CreateBonus_Spin_WithCustomDate" time="42.977"/>
  <testcase classname="com.Cosmoslots.testCases.MDB_Scenarios" name="D_MDB_CreateBonus_Purchase_DepositAmount" time="28.639"/>
  <testcase classname="com.Cosmoslots.testCases.MDB_Scenarios" name="C_MDB_CreateBonus_LossMaking" time="22.874"/>
  <testcase classname="com.Cosmoslots.testCases.MDB_Scenarios" name="E_MDB_CreateBonus_Purchase_PackagePurchase" time="31.168"/>
  <testcase classname="com.Cosmoslots.testCases.MDB_Scenarios" name="F_MDB_ActiveInactive" time="3.523"/>
  <testcase classname="com.Cosmoslots.testCases.MDB_Scenarios" name="Da_MDB_CreateBonus_Purchase_DepositAmount_WithCustomDate" time="32.500"/>
</testsuite> <!-- com.Cosmoslots.testCases.MDB_Scenarios -->
