<?xml version="1.0" encoding="UTF-8"?>
<!-- Generated by org.testng.reporters.JUnitReportReporter -->
<testsuite hostname="BAC033" failures="0" tests="3" name="com.Cosmoslots.testCases.CashOnlyStore" time="42.677" errors="0" timestamp="2024-02-02T14:25:16 IST" skipped="0">
  <testcase classname="com.Cosmoslots.testCases.CashOnlyStore" name="A_TC_CashOnly_Store" time="6.365"/>
  <testcase classname="com.Cosmoslots.testCases.CashOnlyStore" name="B_TC_CreateCashOnlyStore_Users" time="16.047"/>
  <testcase classname="com.Cosmoslots.testCases.CashOnlyStore" name="C_TC_CreateCashOnlyStore_Users" time="20.265"/>
</testsuite> <!-- com.Cosmoslots.testCases.CashOnlyStore -->
