<?xml version="1.0" encoding="UTF-8"?>
<!-- Generated by org.testng.reporters.JUnitReportReporter -->
<testsuite hostname="BAC023" failures="0" tests="2" name="com.Cosmoslots.website.Groups_in_Groups" time="0.010" errors="0" timestamp="17 Oct 2022 06:12:45 GMT" skipped="0">
  <testcase classname="com.Cosmoslots.website.Groups_in_Groups" name="test1" time="0.009"/>
  <testcase classname="com.Cosmoslots.website.Groups_in_Groups" name="test2" time="0.001"/>
</testsuite> <!-- com.Cosmoslots.website.Groups_in_Groups -->
