<?xml version="1.0" encoding="UTF-8"?>
<!-- Generated by org.testng.reporters.JUnitReportReporter -->
<testsuite hostname="BAC031" failures="0" tests="7" name="com.Cosmoslots.testCases.UserManagementTest" time="53.831" errors="0" timestamp="06 Oct 2022 11:51:07 GMT" skipped="0">
  <testcase classname="com.Cosmoslots.testCases.UserManagementTest" name="D_TC_Users_User_ManagementTest_SearchUser" time="3.705"/>
  <testcase classname="com.Cosmoslots.testCases.UserManagementTest" name="H_TC_Users_User_ManagementTest_ManageStore" time="5.125"/>
  <testcase classname="com.Cosmoslots.testCases.UserManagementTest" name="G_TC_Users_User_ManagementTest_EditUsers" time="9.597"/>
  <testcase classname="com.Cosmoslots.testCases.UserManagementTest" name="A_loginTest_Users_User_Management" time="4.550"/>
  <testcase classname="com.Cosmoslots.testCases.UserManagementTest" name="I_TC_Users_User_ManagementTest_ActiveInActive" time="10.411"/>
  <testcase classname="com.Cosmoslots.testCases.UserManagementTest" name="B_TC_Users_User_ManagementTest_Redirect" time="4.578"/>
  <testcase classname="com.Cosmoslots.testCases.UserManagementTest" name="C_TC_Users_User_ManagementTest_AddPlayer" time="15.865"/>
</testsuite> <!-- com.Cosmoslots.testCases.UserManagementTest -->
