<?xml version="1.0" encoding="UTF-8"?>
<!-- Generated by org.testng.reporters.JUnitReportReporter -->
<testsuite hostname="BAC033" failures="0" tests="1" name="com.Cosmoslots.testCases.PlayerRefferalScenarioUsingStoreCoupon" time="57.042" errors="0" timestamp="2023-08-09T11:04:46 IST" skipped="0">
  <testcase classname="com.Cosmoslots.testCases.PlayerRefferalScenarioUsingStoreCoupon" name="A_TC_PlayerRefferalScenarioUsingStoreCoupon" time="57.042"/>
  <system-out/>
</testsuite> <!-- com.Cosmoslots.testCases.PlayerRefferalScenarioUsingStoreCoupon -->
