<?xml version="1.0" encoding="UTF-8"?>
<!-- Generated by org.testng.reporters.JUnitReportReporter -->
<testsuite hostname="BAC033" failures="0" tests="9" name="com.Cosmoslots.testCases.Fish.TC_FishGame" time="81.576" errors="0" timestamp="2023-11-09T15:06:29 IST" skipped="0">
  <testcase classname="com.Cosmoslots.testCases.Fish.TC_FishGame" name="Ad_TC_OceanBombardDashboard" time="3.185"/>
  <system-out/>
  <testcase classname="com.Cosmoslots.testCases.Fish.TC_FishGame" name="A_TC_ViewFishGameDashboard" time="16.897"/>
  <system-out/>
  <testcase classname="com.Cosmoslots.testCases.Fish.TC_FishGame" name="Ac_TC_ViewFishGamedashboard" time="3.151"/>
  <system-out/>
  <testcase classname="com.Cosmoslots.testCases.Fish.TC_FishGame" name="Af_TC_FishGameTranscation" time="9.325"/>
  <system-out/>
  <testcase classname="com.Cosmoslots.testCases.Fish.TC_FishGame" name="Ae_TC_FishGameTransaction" time="21.109"/>
  <system-out/>
  <testcase classname="com.Cosmoslots.testCases.Fish.TC_FishGame" name="Ab_TC_ViewFishGameRoomConfigration" time="6.321"/>
  <system-out/>
  <testcase classname="com.Cosmoslots.testCases.Fish.TC_FishGame" name="B_TC_PlayerFishingPassCount" time="17.218"/>
  <system-out/>
  <testcase classname="com.Cosmoslots.testCases.Fish.TC_FishGame" name="Afa_TC_FishGameTranscation_Search" time="3.219"/>
  <system-out/>
  <testcase classname="com.Cosmoslots.testCases.Fish.TC_FishGame" name="Ad_TC_OceanBombardDashboard1" time="1.151"/>
  <system-out/>
</testsuite> <!-- com.Cosmoslots.testCases.Fish.TC_FishGame -->
