<?xml version="1.0" encoding="UTF-8"?>
<!-- Generated by org.testng.reporters.JUnitReportReporter -->
<testsuite hostname="BAC033" failures="0" tests="8" name="com.Cosmoslots.testCases.GuestPlayer" time="50.530" errors="0" timestamp="2023-09-15T17:52:05 IST" skipped="0">
  <testcase classname="com.Cosmoslots.testCases.GuestPlayer" name="F_TC_GuestPlayersTest_XLSX" time="2.478"/>
  <system-out/>
  <testcase classname="com.Cosmoslots.testCases.GuestPlayer" name="C_TC_GuestPlayersTest_GF2190_AddPlayer" time="9.546"/>
  <system-out/>
  <testcase classname="com.Cosmoslots.testCases.GuestPlayer" name="B_TC_GuestPlayersTest_GF1762" time="6.556"/>
  <system-out/>
  <testcase classname="com.Cosmoslots.testCases.GuestPlayer" name="Z_TC_GuestPlayersTest_SearchGuestplayer" time="4.140"/>
  <system-out/>
  <testcase classname="com.Cosmoslots.testCases.GuestPlayer" name="Ea_TC_GuestPlayerTest_EditGuestPlayer" time="9.578"/>
  <system-out/>
  <testcase classname="com.Cosmoslots.testCases.GuestPlayer" name="Eb_TC_GuestPlayersTest_LoginFootPrints" time="6.355"/>
  <system-out/>
  <testcase classname="com.Cosmoslots.testCases.GuestPlayer" name="Ec_TC_GuestPlayer_UpdatesGuestPlayerFootprints" time="3.639"/>
  <system-out/>
  <testcase classname="com.Cosmoslots.testCases.GuestPlayer" name="D_TC_GuestPlayersTest_GF2190_AddDuplicatePlayer" time="8.238"/>
  <system-out/>
</testsuite> <!-- com.Cosmoslots.testCases.GuestPlayer -->
