<?xml version="1.0" encoding="UTF-8"?>
<!-- Generated by org.testng.reporters.JUnitReportReporter -->
<testsuite hostname="BAC033" failures="0" tests="6" name="com.Cosmoslots.testCases.UserManageTokensHierarchywise" time="255.204" errors="0" timestamp="2023-09-14T14:28:25 IST" skipped="0">
  <testcase classname="com.Cosmoslots.testCases.UserManageTokensHierarchywise" name="Bb_TC_UserProfile_Reports_DownloadXLSXGeneratedNetIncome" time="2.297"/>
  <system-out/>
  <testcase classname="com.Cosmoslots.testCases.UserManageTokensHierarchywise" name="Ba_TC_UserProfile_Reports_GenerateNetIncome" time="16.599"/>
  <system-out/>
  <testcase classname="com.Cosmoslots.testCases.UserManageTokensHierarchywise" name="D_TC_UserProfile_GenerateMySkrillBalance" time="14.880"/>
  <system-out/>
  <testcase classname="com.Cosmoslots.testCases.UserManageTokensHierarchywise" name="B_TC_UserProfile_Reports_GenerateNetIncome" time="17.639"/>
  <system-out/>
  <testcase classname="com.Cosmoslots.testCases.UserManageTokensHierarchywise" name="C_TC_UserProfile_Reports_GenerateTipsReport" time="8.987"/>
  <system-out/>
  <testcase classname="com.Cosmoslots.testCases.UserManageTokensHierarchywise" name="A_TC_ManageTokensFromUsers_AddTokens" time="194.802"/>
  <system-out/>
</testsuite> <!-- com.Cosmoslots.testCases.UserManageTokensHierarchywise -->
