<?xml version="1.0" encoding="UTF-8"?>
<!-- Generated by org.testng.reporters.JUnitReportReporter -->
<testsuite hostname="BAC033" failures="0" tests="5" name="com.Cosmoslots.testCases.PlayerDeletionHistory" time="178.033" errors="0" timestamp="2024-02-13T10:53:56 IST" skipped="0">
  <testcase classname="com.Cosmoslots.testCases.PlayerDeletionHistory" name="D_TC_PlayerDeletionHistory_DownloadExcel" time="2.094"/>
  <testcase classname="com.Cosmoslots.testCases.PlayerDeletionHistory" name="E_TC_PlayerDeletionHistory_Search" time="3.814"/>
  <testcase classname="com.Cosmoslots.testCases.PlayerDeletionHistory" name="B_TC_PlayerDeletionHistory_ViewList" time="14.769"/>
  <testcase classname="com.Cosmoslots.testCases.PlayerDeletionHistory" name="F_TC_PlayerDeletionHistory_ViewDeletedPlayerDetails" time="154.696"/>
  <testcase classname="com.Cosmoslots.testCases.PlayerDeletionHistory" name="A_TC_PlayerDeletionHistory_Redirect" time="2.660"/>
</testsuite> <!-- com.Cosmoslots.testCases.PlayerDeletionHistory -->
