<?xml version="1.0" encoding="UTF-8"?>
<!-- Generated by org.testng.reporters.JUnitReportReporter -->
<testsuite hostname="BAC033" failures="0" tests="18" name="com.Cosmoslots.testCases.Old_View.Old_View" time="114.049" errors="0" timestamp="2024-02-12T10:12:41 IST" skipped="0">
  <testcase classname="com.Cosmoslots.testCases.Old_View.Old_View" name="A_TC_Old_View_Access" time="33.336"/>
  <testcase classname="com.Cosmoslots.testCases.Old_View.Old_View" name="F_TC_Old_View_JackpotRecords" time="3.703"/>
  <testcase classname="com.Cosmoslots.testCases.Old_View.Old_View" name="Fa_TC_Old_View_GameRecords" time="2.756"/>
  <testcase classname="com.Cosmoslots.testCases.Old_View.Old_View" name="He_TC_Old_View_Reports_LastWeek" time="3.817"/>
  <testcase classname="com.Cosmoslots.testCases.Old_View.Old_View" name="E_TC_Old_View_UserTrancationRecords_ExcelDownload" time="4.583"/>
  <testcase classname="com.Cosmoslots.testCases.Old_View.Old_View" name="Hb_TC_Old_View_Reports_Today" time="3.834"/>
  <testcase classname="com.Cosmoslots.testCases.Old_View.Old_View" name="I_TC_Old_View_AdminTransactionRecords" time="5.476"/>
  <testcase classname="com.Cosmoslots.testCases.Old_View.Old_View" name="H_TC_Old_View_Reports" time="6.954"/>
  <testcase classname="com.Cosmoslots.testCases.Old_View.Old_View" name="G_TC_Old_View_Settings" time="1.940"/>
  <testcase classname="com.Cosmoslots.testCases.Old_View.Old_View" name="Ea_TC_Old_View_UserTrancationRecords" time="0.817"/>
  <testcase classname="com.Cosmoslots.testCases.Old_View.Old_View" name="Hc_TC_Old_View_Reports_Yesterday" time="3.818"/>
  <testcase classname="com.Cosmoslots.testCases.Old_View.Old_View" name="Ja_TC_Old_View_AdminStructure" time="20.481"/>
  <testcase classname="com.Cosmoslots.testCases.Old_View.Old_View" name="C_TC_Old_View_Access" time="3.645"/>
  <testcase classname="com.Cosmoslots.testCases.Old_View.Old_View" name="D_TC_Old_view_Access_CreateAnnouncement" time="6.775"/>
  <testcase classname="com.Cosmoslots.testCases.Old_View.Old_View" name="Ia_TC_Old_View_AdminTransactionRecords" time="1.015"/>
  <testcase classname="com.Cosmoslots.testCases.Old_View.Old_View" name="Hd_TC_Old_View_Reports_ThisWeek" time="3.832"/>
  <testcase classname="com.Cosmoslots.testCases.Old_View.Old_View" name="Ha_TC_Old_View_Reports_ExcelDownload" time="3.247"/>
  <testcase classname="com.Cosmoslots.testCases.Old_View.Old_View" name="J_TC_Old_View_AdminStructure" time="4.020"/>
</testsuite> <!-- com.Cosmoslots.testCases.Old_View.Old_View -->
