<?xml version="1.0" encoding="UTF-8"?>
<!-- Generated by org.testng.reporters.JUnitReportReporter -->
<testsuite hostname="BAC033" failures="0" tests="4" name="com.Cosmoslots.testCases.SystemAnalytics" time="0.001" errors="0" timestamp="2023-09-14T12:00:01 IST" skipped="4">
  <testcase classname="com.Cosmoslots.testCases.SystemAnalytics" name="A_TC_SystemAnalytics_GameRTP" time="0.001">
    <skipped/>
  </testcase> <!-- A_TC_SystemAnalytics_GameRTP -->
  <system-out/>
  <testcase classname="com.Cosmoslots.testCases.SystemAnalytics" name="Ac_TC_SystemAnalytics_OnlinePlayerAnalytics" time="0.000">
    <skipped/>
  </testcase> <!-- Ac_TC_SystemAnalytics_OnlinePlayerAnalytics -->
  <system-out/>
  <testcase classname="com.Cosmoslots.testCases.SystemAnalytics" name="Ab_TC_SystemAnalytics_GameRTP" time="0.000">
    <skipped/>
  </testcase> <!-- Ab_TC_SystemAnalytics_GameRTP -->
  <system-out/>
  <testcase classname="com.Cosmoslots.testCases.SystemAnalytics" name="Ad_TC_SystemAnalytics_AppAnalytics_OverallGraph" time="0.000">
    <skipped/>
  </testcase> <!-- Ad_TC_SystemAnalytics_AppAnalytics_OverallGraph -->
  <system-out/>
</testsuite> <!-- com.Cosmoslots.testCases.SystemAnalytics -->
