<?xml version="1.0" encoding="UTF-8"?>
<!-- Generated by org.testng.reporters.JUnitReportReporter -->
<testsuite hostname="BAC033" failures="0" tests="1" name="com.Cosmoslots.testCases.MDB_PlayerScenarios" time="101.343" errors="0" timestamp="2023-11-09T11:18:22 IST" skipped="0">
  <testcase classname="com.Cosmoslots.testCases.MDB_PlayerScenarios" name="A_MDB_Verify_Login_ReminderActionPopup" time="101.343"/>
  <system-out/>
</testsuite> <!-- com.Cosmoslots.testCases.MDB_PlayerScenarios -->
