<?xml version="1.0" encoding="UTF-8"?>
<!-- Generated by org.testng.reporters.JUnitReportReporter -->
<testsuite hostname="BAC033" failures="0" tests="2" name="com.Cosmoslots.testCases.UserAccessControlView" time="342.181" errors="0" timestamp="06 Jan 2023 05:35:02 GMT" skipped="0">
  <testcase classname="com.Cosmoslots.testCases.UserAccessControlView" name="Ab_TC_ManageTokensFromUsers_WithdrawTokens" time="161.087"/>
  <testcase classname="com.Cosmoslots.testCases.UserAccessControlView" name="Aa_TC_ManageTokensFromUsers_AddTokens" time="181.094"/>
</testsuite> <!-- com.Cosmoslots.testCases.UserAccessControlView -->
