<?xml version="1.0" encoding="UTF-8"?>
<!-- Generated by org.testng.reporters.JUnitReportReporter -->
<testsuite hostname="BAC033" failures="0" tests="12" name="com.Cosmoslots.testCases.UserManagement" time="168.413" errors="0" timestamp="2023-11-09T15:15:31 IST" skipped="0">
  <testcase classname="com.Cosmoslots.testCases.UserManagement" name="I_TC_UserManagement_ActiveInActive" time="3.629"/>
  <system-out/>
  <testcase classname="com.Cosmoslots.testCases.UserManagement" name="Kd_TC_UserManagement_TokenLedger" time="59.377"/>
  <system-out/>
  <testcase classname="com.Cosmoslots.testCases.UserManagement" name="G_TC_UserManagement_EditUsers" time="3.796"/>
  <system-out/>
  <testcase classname="com.Cosmoslots.testCases.UserManagement" name="K_TC_UserManagement_EnterCashAppIDandUploadQRCodeinmyprofile" time="27.729"/>
  <system-out/>
  <testcase classname="com.Cosmoslots.testCases.UserManagement" name="Kc_TC_UserManagement_TokenLedger" time="19.510"/>
  <system-out/>
  <testcase classname="com.Cosmoslots.testCases.UserManagement" name="A_TC_UserManagement_Redirect" time="1.433"/>
  <system-out/>
  <testcase classname="com.Cosmoslots.testCases.UserManagement" name="Ke_TC_UserManagement_TotalCountTokenLedger" time="10.620"/>
  <system-out/>
  <testcase classname="com.Cosmoslots.testCases.UserManagement" name="Kb_TC_UserManagement_CreateReadOnlyUser_POS" time="17.218"/>
  <system-out/>
  <testcase classname="com.Cosmoslots.testCases.UserManagement" name="Ka_TC_UserManagement_Dontedittheuserrole" time="15.562"/>
  <system-out/>
  <testcase classname="com.Cosmoslots.testCases.UserManagement" name="J_TC_UserManagement_LoginFootprints" time="5.507"/>
  <system-out/>
  <testcase classname="com.Cosmoslots.testCases.UserManagement" name="F_TC_UserManagement_XLSX" time="2.206"/>
  <system-out/>
  <testcase classname="com.Cosmoslots.testCases.UserManagement" name="B_TC_UserManagement_SearchUser" time="1.826"/>
  <system-out/>
</testsuite> <!-- com.Cosmoslots.testCases.UserManagement -->
