<?xml version="1.0" encoding="UTF-8"?>
<!-- Generated by org.testng.reporters.JUnitReportReporter -->
<testsuite hostname="BAC033" failures="0" tests="7" name="com.Cosmoslots.testCases.WithdrawRequestTest" time="51.033" errors="0" timestamp="2023-09-05T14:39:55 IST" skipped="0">
  <testcase classname="com.Cosmoslots.testCases.WithdrawRequestTest" name="D_TC_WithdrawRequest_Search" time="7.898"/>
  <system-out/>
  <testcase classname="com.Cosmoslots.testCases.WithdrawRequestTest" name="B_TC_WithdrawRequest_ViewScreen" time="0.705"/>
  <system-out/>
  <testcase classname="com.Cosmoslots.testCases.WithdrawRequestTest" name="H_TC_WithdrawRequestApprove" time="5.789"/>
  <system-out/>
  <testcase classname="com.Cosmoslots.testCases.WithdrawRequestTest" name="C_TC_WithdrawRequest_ViewList" time="11.328"/>
  <system-out/>
  <testcase classname="com.Cosmoslots.testCases.WithdrawRequestTest" name="G_TC_WithdrawRequestCreateNew" time="17.684"/>
  <system-out/>
  <testcase classname="com.Cosmoslots.testCases.WithdrawRequestTest" name="E_TC_WithdrawRequest_ActionView" time="6.436"/>
  <system-out/>
  <testcase classname="com.Cosmoslots.testCases.WithdrawRequestTest" name="Z_WithdrawRequest_Excel" time="1.193"/>
  <system-out/>
</testsuite> <!-- com.Cosmoslots.testCases.WithdrawRequestTest -->
