<?xml version="1.0" encoding="UTF-8"?>
<!-- Generated by org.testng.reporters.JUnitReportReporter -->
<testsuite hostname="BAC031" failures="0" tests="11" name="com.Cosmoslots.testCases.TC_BlockList" time="76.114" errors="0" timestamp="06 Oct 2022 11:51:07 GMT" skipped="0">
  <testcase classname="com.Cosmoslots.testCases.TC_BlockList" name="A_loginTest_TC_BlockList" time="4.851"/>
  <testcase classname="com.Cosmoslots.testCases.TC_BlockList" name="F_TC_Block_IP_Edit" time="1.799"/>
  <testcase classname="com.Cosmoslots.testCases.TC_BlockList" name="Ba_TC_Block_PlayerData_Email" time="9.519"/>
  <testcase classname="com.Cosmoslots.testCases.TC_BlockList" name="Bc_TC_Block_PlayerData_firstName" time="9.124"/>
  <testcase classname="com.Cosmoslots.testCases.TC_BlockList" name="B_TC_Block_PlayerData_Country" time="9.886"/>
  <testcase classname="com.Cosmoslots.testCases.TC_BlockList" name="D_TC_Block_IP_search" time="3.769"/>
  <testcase classname="com.Cosmoslots.testCases.TC_BlockList" name="Bd_TC_Block_PlayerData_lastName" time="8.575"/>
  <testcase classname="com.Cosmoslots.testCases.TC_BlockList" name="E_TC_Block_IP_status" time="2.248"/>
  <testcase classname="com.Cosmoslots.testCases.TC_BlockList" name="Be_TC_Block_PlayerData_phone" time="10.555"/>
  <testcase classname="com.Cosmoslots.testCases.TC_BlockList" name="G_TC_Block_IP_delete" time="6.644"/>
  <testcase classname="com.Cosmoslots.testCases.TC_BlockList" name="C_TC_Block_ip_create" time="9.144"/>
</testsuite> <!-- com.Cosmoslots.testCases.TC_BlockList -->
