<?xml version="1.0" encoding="UTF-8"?>
<!-- Generated by org.testng.reporters.JUnitReportReporter -->
<testsuite hostname="BAC033" failures="0" tests="3" name="com.Cosmoslots.testCases.SupportRequestTest" time="110.873" errors="0" timestamp="05 Jul 2023 05:46:28 GMT" skipped="0">
  <testcase classname="com.Cosmoslots.testCases.SupportRequestTest" name="Zsa_TC_LobbyTest_AccessPlayerSetting_PlayerProfileOptions" time="18.036"/>
  <testcase classname="com.Cosmoslots.testCases.SupportRequestTest" name="Zs_TC_LobbyTest_AccessPlayerSetting_SignUpOptins" time="39.361"/>
  <testcase classname="com.Cosmoslots.testCases.SupportRequestTest" name="Zsb_TC_LobbyTest_AccessPlayerSetting_GuestToPlayer" time="53.476"/>
</testsuite> <!-- com.Cosmoslots.testCases.SupportRequestTest -->
