<?xml version="1.0" encoding="UTF-8"?>
<!-- Generated by org.testng.reporters.JUnitReportReporter -->
<testsuite hostname="BAC033" failures="0" tests="1" name="com.Cosmoslots.testCases.UserAccessRoleProfileTest" time="101.517" errors="0" timestamp="10 Feb 2023 05:29:03 GMT" skipped="0">
  <testcase classname="com.Cosmoslots.testCases.UserAccessRoleProfileTest" name="A_Aa_TC_UserManagementTest_CreateNewUser" time="101.517"/>
</testsuite> <!-- com.Cosmoslots.testCases.UserAccessRoleProfileTest -->
