<?xml version="1.0" encoding="UTF-8"?>
<!-- Generated by org.testng.reporters.JUnitReportReporter -->
<testsuite hostname="BAC031" failures="0" tests="8" name="com.Cosmoslots.testCases.WithdrawRequestTest" time="71.200" errors="0" timestamp="06 Oct 2022 11:51:07 GMT" skipped="0">
  <testcase classname="com.Cosmoslots.testCases.WithdrawRequestTest" name="C_TC_WithdrawRequest_ViewList" time="9.544"/>
  <testcase classname="com.Cosmoslots.testCases.WithdrawRequestTest" name="A_loginTest_WithdrawRequest" time="4.448"/>
  <testcase classname="com.Cosmoslots.testCases.WithdrawRequestTest" name="G_TC_WithdrawRequestCreateNew" time="26.439"/>
  <testcase classname="com.Cosmoslots.testCases.WithdrawRequestTest" name="E_TC_WithdrawRequest_ActionView" time="10.221"/>
  <testcase classname="com.Cosmoslots.testCases.WithdrawRequestTest" name="F_WithdrawRequest_Excel" time="3.179"/>
  <testcase classname="com.Cosmoslots.testCases.WithdrawRequestTest" name="D_TC_WithdrawRequest_Search" time="10.999"/>
  <testcase classname="com.Cosmoslots.testCases.WithdrawRequestTest" name="H_TC_WithdrawRequestApprove" time="3.780"/>
  <testcase classname="com.Cosmoslots.testCases.WithdrawRequestTest" name="B_TCWithdrawRequest_ViewScreen" time="2.590"/>
</testsuite> <!-- com.Cosmoslots.testCases.WithdrawRequestTest -->
