<?xml version="1.0" encoding="UTF-8"?>
<!-- Generated by org.testng.reporters.JUnitReportReporter -->
<testsuite hostname="BAC031" failures="0" tests="5" name="com.Cosmoslots.testCases.UserRequestTest" time="30.796" errors="0" timestamp="06 Oct 2022 11:51:07 GMT" skipped="0">
  <testcase classname="com.Cosmoslots.testCases.UserRequestTest" name="C_TC_UserRequest_GF001_Search" time="2.104"/>
  <testcase classname="com.Cosmoslots.testCases.UserRequestTest" name="B_TC_UserRequest_GF001_AddAccessControl" time="13.460"/>
  <testcase classname="com.Cosmoslots.testCases.UserRequestTest" name="A_TC_UserRequest_GF001_Login_AccessControl" time="7.892"/>
  <testcase classname="com.Cosmoslots.testCases.UserRequestTest" name="D_TC_UserRequest_GF001_view" time="3.180"/>
  <testcase classname="com.Cosmoslots.testCases.UserRequestTest" name="E_TC_UserRequest_GF001_edit" time="4.160"/>
</testsuite> <!-- com.Cosmoslots.testCases.UserRequestTest -->
