<?xml version="1.0" encoding="UTF-8"?>
<!-- Generated by org.testng.reporters.JUnitReportReporter -->
<testsuite hostname="BAC033" failures="0" tests="7" name="com.Cosmoslots.testCases.PurchasesHistory" time="42.434" errors="0" timestamp="2024-02-02T12:13:04 IST" skipped="0">
  <testcase classname="com.Cosmoslots.testCases.PurchasesHistory" name="B_TC_PurchaseHistory_ViewList" time="3.460"/>
  <system-out/>
  <testcase classname="com.Cosmoslots.testCases.PurchasesHistory" name="E_TC_PurchaseHistoryDownloadReciept" time="8.636"/>
  <system-out/>
  <testcase classname="com.Cosmoslots.testCases.PurchasesHistory" name="F_TC_PurchaseHistory_XLSXDownload" time="3.542"/>
  <system-out/>
  <testcase classname="com.Cosmoslots.testCases.PurchasesHistory" name="Fa_TC_PurchaseHistory_AccessClaimedTransactions" time="4.393"/>
  <system-out/>
  <testcase classname="com.Cosmoslots.testCases.PurchasesHistory" name="D_TC_PurchaseHistory_ActionView" time="6.515"/>
  <system-out/>
  <testcase classname="com.Cosmoslots.testCases.PurchasesHistory" name="A_TC_PurchaseHistory_ViewScreen" time="0.926"/>
  <system-out/>
  <testcase classname="com.Cosmoslots.testCases.PurchasesHistory" name="C_TC_PurchaseHistory_Search" time="14.962"/>
  <system-out/>
</testsuite> <!-- com.Cosmoslots.testCases.PurchasesHistory -->
