<?xml version="1.0" encoding="UTF-8"?>
<!-- Generated by org.testng.reporters.JUnitReportReporter -->
<testsuite hostname="BAC033" failures="0" tests="9" name="com.Cosmoslots.testCases.CountTotalST" time="321.965" errors="0" timestamp="2023-11-09T16:12:20 IST" skipped="0">
  <testcase classname="com.Cosmoslots.testCases.CountTotalST" name="Af_Count_Total_PlayerProfileView" time="66.612"/>
  <system-out/>
  <testcase classname="com.Cosmoslots.testCases.CountTotalST" name="Ae_Count_Total_JackpotWins" time="65.329"/>
  <system-out/>
  <testcase classname="com.Cosmoslots.testCases.CountTotalST" name="Ac_Count_Total_WithdrawRequest" time="16.008"/>
  <system-out/>
  <testcase classname="com.Cosmoslots.testCases.CountTotalST" name="Ad_Count_Total_PurchaseHistory" time="42.990"/>
  <system-out/>
  <testcase classname="com.Cosmoslots.testCases.CountTotalST" name="Aca_Count_Total_WalletWithrawRequest" time="7.558"/>
  <system-out/>
  <testcase classname="com.Cosmoslots.testCases.CountTotalST" name="Ag_Count_Total_StoreView" time="26.632"/>
  <system-out/>
  <testcase classname="com.Cosmoslots.testCases.CountTotalST" name="A_TC_Count_Total_PlayerProfile" time="24.129"/>
  <system-out/>
  <testcase classname="com.Cosmoslots.testCases.CountTotalST" name="Ah_Count_Total_UserProfileview" time="53.793"/>
  <system-out/>
  <testcase classname="com.Cosmoslots.testCases.CountTotalST" name="Ab_Count_Total_GuestPlayer" time="18.914"/>
  <system-out/>
</testsuite> <!-- com.Cosmoslots.testCases.CountTotalST -->
