<?xml version="1.0" encoding="UTF-8"?>
<!-- Generated by org.testng.reporters.JUnitReportReporter -->
<testsuite hostname="BAC033" failures="0" tests="2" name="com.Cosmoslots.testCases.TC_AdminPanelMobileResponsive" time="164.550" errors="0" timestamp="09 May 2023 10:26:38 GMT" skipped="0">
  <testcase classname="com.Cosmoslots.testCases.TC_AdminPanelMobileResponsive" name="B_TC_CosmoWebsite_ValidateMobileResponsive" time="84.059"/>
  <testcase classname="com.Cosmoslots.testCases.TC_AdminPanelMobileResponsive" name="B_TC_CosmoWebsite_ValidateMobileResponsive" time="80.491"/>
</testsuite> <!-- com.Cosmoslots.testCases.TC_AdminPanelMobileResponsive -->
