<?xml version="1.0" encoding="UTF-8"?>
<!-- Generated by org.testng.reporters.JUnitReportReporter -->
<testsuite hostname="BAC033" failures="0" tests="3" name="com.Cosmoslots.testCases.Count_Total" time="68.008" errors="0" timestamp="21 Apr 2023 12:27:29 GMT" skipped="0">
  <testcase classname="com.Cosmoslots.testCases.Count_Total" name="Ac_Count_Total_WithdrawRequest" time="32.849"/>
  <testcase classname="com.Cosmoslots.testCases.Count_Total" name="Ab_Count_Total_GuestPlayer" time="18.458"/>
  <testcase classname="com.Cosmoslots.testCases.Count_Total" name="A_TC_Count_Total_PlayerProfile" time="16.701"/>
</testsuite> <!-- com.Cosmoslots.testCases.Count_Total -->
