<?xml version="1.0" encoding="UTF-8"?>
<!-- Generated by org.testng.reporters.JUnitReportReporter -->
<testsuite hostname="BAC031" failures="0" tests="6" name="com.Cosmoslots.testCases.GuestPlayer" time="59.552" errors="0" timestamp="06 Oct 2022 11:51:07 GMT" skipped="0">
  <testcase classname="com.Cosmoslots.testCases.GuestPlayer" name="H_TC_GuestPlayersTest_GF1763" time="10.208"/>
  <testcase classname="com.Cosmoslots.testCases.GuestPlayer" name="B_TC_GuestPlayersTest_GF1762" time="5.272"/>
  <testcase classname="com.Cosmoslots.testCases.GuestPlayer" name="A_loginTest_GF661" time="5.536"/>
  <testcase classname="com.Cosmoslots.testCases.GuestPlayer" name="D_TC_GuestPlayersTest_GF2190_AddDuplicatePlayer" time="23.265"/>
  <testcase classname="com.Cosmoslots.testCases.GuestPlayer" name="C_TC_GuestPlayersTest_GF2190_AddPlayer" time="11.492"/>
  <testcase classname="com.Cosmoslots.testCases.GuestPlayer" name="E_TC_GuestPlayersTest_SearchGuestplayer" time="3.779"/>
</testsuite> <!-- com.Cosmoslots.testCases.GuestPlayer -->
