<?xml version="1.0" encoding="UTF-8"?>
<!-- Generated by org.testng.reporters.JUnitReportReporter -->
<testsuite hostname="BAC031" failures="0" tests="4" name="com.Cosmoslots.testCases.SupportRequestTest" time="40.337" errors="0" timestamp="06 Oct 2022 11:51:07 GMT" skipped="0">
  <testcase classname="com.Cosmoslots.testCases.SupportRequestTest" name="F_TC_SupportRequestAction" time="9.537"/>
  <testcase classname="com.Cosmoslots.testCases.SupportRequestTest" name="E_TC_PlayerProfileTest_ActionViewTabsSupportRequestCreateNew" time="15.860"/>
  <testcase classname="com.Cosmoslots.testCases.SupportRequestTest" name="B_TC_SupportRequest_Search" time="10.506"/>
  <testcase classname="com.Cosmoslots.testCases.SupportRequestTest" name="A_loginTest_GF317_SupportRequest" time="4.434"/>
</testsuite> <!-- com.Cosmoslots.testCases.SupportRequestTest -->
