<?xml version="1.0" encoding="UTF-8"?>
<!-- Generated by org.testng.reporters.JUnitReportReporter -->
<testsuite hostname="BAC033" failures="0" tests="3" name="com.Cosmoslots.testCases.Contactus" time="25.457" errors="0" timestamp="2023-08-31T14:18:04 IST" skipped="0">
  <testcase classname="com.Cosmoslots.testCases.Contactus" name="C_TC_Contactus_Request" time="11.822"/>
  <system-out/>
  <testcase classname="com.Cosmoslots.testCases.Contactus" name="D_TC_Contactus_VerifyAdminside" time="7.582"/>
  <system-out/>
  <testcase classname="com.Cosmoslots.testCases.Contactus" name="B_TC_Contactus_Redirect" time="6.053"/>
  <system-out/>
</testsuite> <!-- com.Cosmoslots.testCases.Contactus -->
