<?xml version="1.0" encoding="UTF-8"?>
<!-- Generated by org.testng.reporters.JUnitReportReporter -->
<testsuite hostname="BAC031" failures="0" tests="6" name="com.Cosmoslots.testCases.PurchaseHistoryTest" time="39.661" errors="0" timestamp="06 Oct 2022 11:51:07 GMT" skipped="0">
  <testcase classname="com.Cosmoslots.testCases.PurchaseHistoryTest" name="E_TC_PurchaseHistory_ActionView" time="4.140"/>
  <testcase classname="com.Cosmoslots.testCases.PurchaseHistoryTest" name="D_TC_PurchaseHistory_Search" time="6.448"/>
  <testcase classname="com.Cosmoslots.testCases.PurchaseHistoryTest" name="F_TC_PurchaseHistoryDownloadReciept" time="7.149"/>
  <testcase classname="com.Cosmoslots.testCases.PurchaseHistoryTest" name="A_loginTest_PurchaseHistory" time="5.474"/>
  <testcase classname="com.Cosmoslots.testCases.PurchaseHistoryTest" name="B_TC_PurchaseHistory_ViewScreen" time="2.615"/>
  <testcase classname="com.Cosmoslots.testCases.PurchaseHistoryTest" name="C_TC_PurchaseHistory_ViewList" time="13.835"/>
</testsuite> <!-- com.Cosmoslots.testCases.PurchaseHistoryTest -->
