<?xml version="1.0" encoding="UTF-8"?>
<!-- Generated by org.testng.reporters.JUnitReportReporter -->
<testsuite hostname="BAC033" failures="0" tests="5" name="com.Cosmoslots.testCases.JackpotWins" time="15.652" errors="0" timestamp="2023-09-14T12:25:46 IST" skipped="0">
  <testcase classname="com.Cosmoslots.testCases.JackpotWins" name="B_TC_JackpotWins_ViewList" time="2.088"/>
  <system-out/>
  <testcase classname="com.Cosmoslots.testCases.JackpotWins" name="A_TC_JackpotWins_ViewScreen" time="1.885"/>
  <system-out/>
  <testcase classname="com.Cosmoslots.testCases.JackpotWins" name="C_TC_JackpotWins_Search" time="2.807"/>
  <system-out/>
  <testcase classname="com.Cosmoslots.testCases.JackpotWins" name="E_TC_JackpotWins_ExcelDownload" time="3.049"/>
  <system-out/>
  <testcase classname="com.Cosmoslots.testCases.JackpotWins" name="D_TC_JackpotWins_ActionView" time="5.823"/>
  <system-out/>
</testsuite> <!-- com.Cosmoslots.testCases.JackpotWins -->
