<?xml version="1.0" encoding="UTF-8"?>
<!-- Generated by org.testng.reporters.JUnitReportReporter -->
<testsuite hostname="BAC033" failures="0" tests="2" name="com.Cosmoslots.website.demo2" time="0.004" errors="0" timestamp="21 Nov 2022 07:06:57 GMT" skipped="0">
  <testcase classname="com.Cosmoslots.website.demo2" name="testCase" time="0.003"/>
  <testcase classname="com.Cosmoslots.website.demo2" name="testCase1" time="0.001"/>
</testsuite> <!-- com.Cosmoslots.website.demo2 -->
