<?xml version="1.0" encoding="UTF-8"?>
<!-- Generated by org.testng.reporters.JUnitReportReporter -->
<testsuite hostname="BAC033" failures="0" tests="1" name="com.Cosmoslots.testCases.UserHierarchy" time="156.274" errors="0" timestamp="2023-09-18T10:53:23 IST" skipped="0">
  <testcase classname="com.Cosmoslots.testCases.UserHierarchy" name="C_TC_UserHierarchy_CreateNewUser" time="156.274"/>
  <system-out/>
</testsuite> <!-- com.Cosmoslots.testCases.UserHierarchy -->
