<?xml version="1.0" encoding="UTF-8"?>
<!-- Generated by org.testng.reporters.JUnitReportReporter -->
<testsuite hostname="BAC033" failures="0" tests="5" name="com.Cosmoslots.testCases.Fish.TC_Fish_RestAssuredRoomConfiguration" time="34.647" errors="0" timestamp="2023-08-22T14:21:02 IST" skipped="0">
  <testcase classname="com.Cosmoslots.testCases.Fish.TC_Fish_RestAssuredRoomConfiguration" name="A_POST_PlayerLogin" time="9.828"/>
  <system-out/>
  <testcase classname="com.Cosmoslots.testCases.Fish.TC_Fish_RestAssuredRoomConfiguration" name="Bc_POST_FishGameSession" time="8.024"/>
  <system-out/>
  <testcase classname="com.Cosmoslots.testCases.Fish.TC_Fish_RestAssuredRoomConfiguration" name="Bb_POST_FishGameRoomJoin" time="7.190"/>
  <system-out/>
  <testcase classname="com.Cosmoslots.testCases.Fish.TC_Fish_RestAssuredRoomConfiguration" name="Ba_POST_FishGameCreate" time="2.200"/>
  <system-out/>
  <testcase classname="com.Cosmoslots.testCases.Fish.TC_Fish_RestAssuredRoomConfiguration" name="C_POST_FishGameFire" time="7.405"/>
  <system-out/>
</testsuite> <!-- com.Cosmoslots.testCases.Fish.TC_Fish_RestAssuredRoomConfiguration -->
