<?xml version="1.0" encoding="UTF-8"?>
<!-- Generated by org.testng.reporters.JUnitReportReporter -->
<testsuite hostname="BAC033" failures="0" tests="11" name="com.Cosmoslots.testCases.UserAcReadOnlyUser" time="341.188" errors="0" timestamp="2023-11-07T14:41:28 IST" skipped="0">
  <testcase classname="com.Cosmoslots.testCases.UserAcReadOnlyUser" name="Fa_TC_readOnlyUser_UserManagement" time="84.925"/>
  <system-out/>
  <testcase classname="com.Cosmoslots.testCases.UserAcReadOnlyUser" name="Ab_TC_ReadOnlyUser_Dashboardview" time="3.076"/>
  <system-out/>
  <testcase classname="com.Cosmoslots.testCases.UserAcReadOnlyUser" name="Db_TC_ReadOnlyUser_PurchaseHistory" time="21.398"/>
  <system-out/>
  <testcase classname="com.Cosmoslots.testCases.UserAcReadOnlyUser" name="Da_TC_ReadOnlyUser_BlockedList_ByUserIP" time="31.958"/>
  <system-out/>
  <testcase classname="com.Cosmoslots.testCases.UserAcReadOnlyUser" name="D_TC_ReadOnlyUser_BlockedList_ByUserData" time="1.868"/>
  <system-out/>
  <testcase classname="com.Cosmoslots.testCases.UserAcReadOnlyUser" name="A_TC_AdminLogin" time="9.484"/>
  <system-out/>
  <testcase classname="com.Cosmoslots.testCases.UserAcReadOnlyUser" name="F_TC_readOnlyUser_SupportManagement" time="42.222"/>
  <system-out/>
  <testcase classname="com.Cosmoslots.testCases.UserAcReadOnlyUser" name="E_TC_ReadOnlyUser_StoreManagement" time="31.902"/>
  <system-out/>
  <testcase classname="com.Cosmoslots.testCases.UserAcReadOnlyUser" name="B_TC_ReadOnlyUser_PlayerProfile" time="60.204"/>
  <system-out/>
  <testcase classname="com.Cosmoslots.testCases.UserAcReadOnlyUser" name="Dc_TC_ReadOnlyUser_PlayerDeletionHistory" time="21.395"/>
  <system-out/>
  <testcase classname="com.Cosmoslots.testCases.UserAcReadOnlyUser" name="C_TC_ReadOnlyUser_GuestPlayer" time="32.756"/>
  <system-out/>
</testsuite> <!-- com.Cosmoslots.testCases.UserAcReadOnlyUser -->
