<?xml version="1.0" encoding="UTF-8"?>
<!-- Generated by org.testng.reporters.JUnitReportReporter -->
<testsuite hostname="BAC033" failures="0" tests="1" name="com.Cosmoslots.testData.softwareTestingMaterial" time="6.753" errors="0" timestamp="2024-02-02T14:58:50 IST" skipped="0">
  <testcase classname="com.Cosmoslots.testData.softwareTestingMaterial" name="highlighterElement" time="6.753"/>
</testsuite> <!-- com.Cosmoslots.testData.softwareTestingMaterial -->
