<?xml version="1.0" encoding="UTF-8"?>
<!-- Generated by org.testng.reporters.JUnitReportReporter -->
<testsuite hostname="BAC033" failures="0" tests="1" name="com.Cosmoslots.testCases.DashboardGraph" time="37.177" errors="0" timestamp="21 Jun 2023 10:15:28 GMT" skipped="0">
  <testcase classname="com.Cosmoslots.testCases.DashboardGraph" name="Zse_TC_PlayerProfileTest_PlayerTransactionGraph" time="37.177"/>
</testsuite> <!-- com.Cosmoslots.testCases.DashboardGraph -->
