<?xml version="1.0" encoding="UTF-8"?>
<!-- Generated by org.testng.reporters.JUnitReportReporter -->
<testsuite hostname="BAC033" failures="0" tests="5" name="com.Cosmoslots.testCases.PlayerDeletionHistory" time="186.017" errors="0" timestamp="2024-02-13T10:41:36 IST" skipped="0">
  <testcase classname="com.Cosmoslots.testCases.PlayerDeletionHistory" name="A_TC_PlayerDeletionHistory_Redirect" time="2.651"/>
  <testcase classname="com.Cosmoslots.testCases.PlayerDeletionHistory" name="B_TC_PlayerDeletionHistory_ViewList" time="22.664"/>
  <testcase classname="com.Cosmoslots.testCases.PlayerDeletionHistory" name="E_TC_PlayerDeletionHistory_Search" time="3.874"/>
  <testcase classname="com.Cosmoslots.testCases.PlayerDeletionHistory" name="D_TC_PlayerDeletionHistory_DownloadExcel" time="2.093"/>
  <testcase classname="com.Cosmoslots.testCases.PlayerDeletionHistory" name="F_TC_PlayerDeletionHistory_ViewDeletedPlayerDetails" time="154.735"/>
</testsuite> <!-- com.Cosmoslots.testCases.PlayerDeletionHistory -->
