<?xml version="1.0" encoding="UTF-8"?>
<!-- Generated by org.testng.reporters.JUnitReportReporter -->
<testsuite hostname="BAC033" failures="0" tests="10" name="com.Cosmoslots.testCases.BlockList" time="73.331" errors="0" timestamp="2024-02-13T10:41:36 IST" skipped="0">
  <testcase classname="com.Cosmoslots.testCases.BlockList" name="C_TC_Block_ip_create" time="9.758"/>
  <testcase classname="com.Cosmoslots.testCases.BlockList" name="Ba_TC_Block_PlayerData_Email" time="10.256"/>
  <testcase classname="com.Cosmoslots.testCases.BlockList" name="E_TC_Block_IP_status" time="2.278"/>
  <testcase classname="com.Cosmoslots.testCases.BlockList" name="D_TC_Block_IP_search" time="3.855"/>
  <testcase classname="com.Cosmoslots.testCases.BlockList" name="F_TC_Block_IP_Edit" time="2.053"/>
  <testcase classname="com.Cosmoslots.testCases.BlockList" name="Bd_TC_Block_PlayerData_lastName" time="8.482"/>
  <testcase classname="com.Cosmoslots.testCases.BlockList" name="Bc_TC_Block_PlayerData_firstName" time="9.031"/>
  <testcase classname="com.Cosmoslots.testCases.BlockList" name="A_TC_Block_PlayerData_Country" time="10.422"/>
  <testcase classname="com.Cosmoslots.testCases.BlockList" name="Be_TC_Block_PlayerData_phone" time="10.508"/>
  <testcase classname="com.Cosmoslots.testCases.BlockList" name="G_TC_Block_IP_delete" time="6.688"/>
</testsuite> <!-- com.Cosmoslots.testCases.BlockList -->
